{"logLevel":"debug","message":"multithreading is set to true"}
{"logLevel":"debug","message":"multithreading enabled, number of threads=2"}
{"logLevel":"debug","message":"Using reflection to scan dependencies for gauge implementations..."}
SLF4J: Failed to load class "org.slf4j.impl.StaticLoggerBinder".
SLF4J: Defaulting to no-operation (NOP) logger implementation
SLF4J: See http://www.slf4j.org/codes.html#StaticLoggerBinder for further details.
log4j:WARN No appenders could be found for logger (io.grpc.netty.shaded.io.netty.util.internal.logging.InternalLoggerFactory).
log4j:WARN Please initialize the log4j system properly.
log4j:WARN See http://logging.apache.org/log4j/1.2/faq.html#noconfig for more info.
{"logLevel":"debug","message":"gauge-java took 1157milliseconds to load and scan. This should be less than 'runner_connection_timeout' config value."}
{"logLevel":"debug","message":"run 'gauge config runner_connection_timeout' and verify that it is < 1157"}
{"logLevel":"debug","message":"starting gRPC server..."}
{"logLevel":"debug","message":"started gRPC server on port 65139"}
{"logLevel":"info","message":"Listening on port:65139"}
{"logLevel":"debug","message":"Scanning packages for steps"}
{"logLevel":"debug","message":"Comparing 'web.steps.HomepageSteps.implementation1' and 'web.steps.HomepageSteps.implementation1'"}
{"logLevel":"debug","message":"Found Open the Gauge homepage in current project scope."}
{"logLevel":"debug","message":"Comparing 'web.steps.HomepageSteps.gotoGetStartedPage' and 'web.steps.HomepageSteps.gotoGetStartedPage'"}
{"logLevel":"debug","message":"Found Go to Gauge Get Started Page in current project scope."}
{"logLevel":"debug","message":"Comparing 'web.steps.HomepageSteps.stepFail' and 'web.steps.HomepageSteps.stepFail'"}
{"logLevel":"debug","message":"Found Step Fail in current project scope."}
{"logLevel":"debug","message":"Comparing 'web.steps.HomepageSteps.ensureInstallationInstructionsAreAvailable' and 'web.steps.HomepageSteps.ensureInstallationInstructionsAreAvailable'"}
{"logLevel":"debug","message":"Found Ensure installation instructions are available in current project scope."}
{"logLevel":"debug","message":"Scanning packages for hooks"}
{"logLevel":"debug","message":"Scanned steps (using static parsing + reflections): "}
{"logLevel":"debug","message":"\tOpen the Gauge homepage : public void implementation1()"}
{"logLevel":"debug","message":"\tGo to Gauge Get Started Page : public void gotoGetStartedPage()"}
{"logLevel":"debug","message":"\tStep Fail : public void stepFail()"}
{"logLevel":"debug","message":"\tEnsure installation instructions are available : public void ensureInstallationInstructionsAreAvailable()"}
StarStintga rCthirnogm eCDhrriovmeerD r9i0v.e0r. 49403.00..2444 3(04.c264d 8(540cf60d8875d0af406877dd9a2466e78de9d2d6be786e5d5d0aed655991-refs/branch-heads/4430@{#429}) on port 20375
Only local conbnect7i6o5n5s0 aaerde6 5a5l9l9o1w-erde.f
Please see htstps:///bcrharnocmhe-dhreiavdesr/.4c4h3r0o@m{i#u4m2.9o}r)g /osne curity-cponosideratiorns for suggestions on keepti 34542
Only nlgo cCahlr ocmoenDnreicvteiro nssa faer.e 
allowed.
Please see https://chromedriver.chromium.org/security-considerations for suggestions on keeping ChromeDriver safe.
CChrhormoemDerDirvievre rw awsa ss tsatratretde ds uscuccecsessfsuflullyl.y.

May 13, 2021 5:56:04 PM org.openqa.selenium.remote.ProtocolHandshake createSession
INFO: Detected dialect: W3C
May 13, 2021 5:56:04 PM org.openqa.selenium.remote.ProtocolHandshake createSession
INFO: Detected dialect: W3C
{"logLevel":"debug","message":"Executing 'Open the Gauge homepage' using 'class web.steps.HomepageSteps.implementation1"}
{"logLevel":"debug","message":"Executing 'Open the Gauge homepage' using 'class web.steps.HomepageSteps.implementation1"}
Navigated to url: https://gauge.org/{"logLevel":"debug","message":"Executing 'Go to Gauge Get Started Page' using 'class web.steps.HomepageSteps.gotoGetStartedPage"}
Element identified: [[ChromeDriver: chrome on WINDOWS (4f3f9d2c146fa4ea307d66a3dbb711b8)] -> xpath: //a[@href='https://docs.gauge.org/getting_started/installing-gauge.html']]Element identified: [[ChromeDriver: chrome on WINDOWS (4f3f9d2c146fa4ea307d66a3dbb711b8)] -> xpath: //a[@href='https://docs.gauge.org/getting_started/installing-gauge.html']]Navigated to url: https://gauge.org/{"logLevel":"debug","message":"Executing 'Go to Gauge Get Started Page' using 'class web.steps.HomepageSteps.gotoGetStartedPage"}
Element identified: [[ChromeDriver: chrome on WINDOWS (c5fc6566174312af8ea90e2bdae634c1)] -> xpath: //a[@href='https://docs.gauge.org/getting_started/installing-gauge.html']]Element identified: [[ChromeDriver: chrome on WINDOWS (c5fc6566174312af8ea90e2bdae634c1)] -> xpath: //a[@href='https://docs.gauge.org/getting_started/installing-gauge.html']]Clicked on element: [[ChromeDriver: chrome on WINDOWS (4f3f9d2c146fa4ea307d66a3dbb711b8)] -> xpath: //a[@href='https://docs.gauge.org/getting_started/installing-gauge.html']]{"logLevel":"debug","message":"Executing 'Ensure installation instructions are available' using 'class web.steps.HomepageSteps.ensureInstallationInstructionsAreAvailable"}
Clicked on element: [[ChromeDriver: chrome on WINDOWS (c5fc6566174312af8ea90e2bdae634c1)] -> xpath: //a[@href='https://docs.gauge.org/getting_started/installing-gauge.html']]{"logLevel":"debug","message":"Executing 'Ensure installation instructions are available' using 'class web.steps.HomepageSteps.ensureInstallationInstructionsAreAvailable"}
{"logLevel":"debug","message":"Executing 'Step Fail' using 'class web.steps.HomepageSteps.stepFail"}
[1620908792.817][SEVERE]: Timed out receiving message from renderer: 10.000
[1620908792.817][WARNING]: screenshot failed, retrying timeout: Timed out receiving message from renderer: 10.000
[1620908802.829][SEVERE]: Timed out receiving message from renderer: 10.000
[1620908812.838][SEVERE]: Timed out receiving message from renderer: 10.000
[1620908812.838][WARNING]: screenshot failed, retrying timeout: Timed out receiving message from renderer: 10.000
