{"logLevel":"debug","message":"multithreading is set to true"}
{"logLevel":"debug","message":"multithreading enabled, number of threads=2"}
{"logLevel":"debug","message":"Using reflection to scan dependencies for gauge implementations..."}
SLF4J: Failed to load class "org.slf4j.impl.StaticLoggerBinder".
SLF4J: Defaulting to no-operation (NOP) logger implementation
SLF4J: See http://www.slf4j.org/codes.html#StaticLoggerBinder for further details.
log4j:WARN No appenders could be found for logger (io.grpc.netty.shaded.io.netty.util.internal.logging.InternalLoggerFactory).
log4j:WARN Please initialize the log4j system properly.
log4j:WARN See http://logging.apache.org/log4j/1.2/faq.html#noconfig for more info.
{"logLevel":"debug","message":"gauge-java took 2438milliseconds to load and scan. This should be less than 'runner_connection_timeout' config value."}
{"logLevel":"debug","message":"run 'gauge config runner_connection_timeout' and verify that it is < 2438"}
{"logLevel":"debug","message":"starting gRPC server..."}
{"logLevel":"debug","message":"started gRPC server on port 54937"}
{"logLevel":"info","message":"Listening on port:54937"}
{"logLevel":"debug","message":"Scanning packages for steps"}
{"logLevel":"debug","message":"Comparing 'web.steps.HomepageSteps.implementation1' and 'web.steps.HomepageSteps.implementation1'"}
{"logLevel":"debug","message":"Found Open the Gauge homepage in current project scope."}
{"logLevel":"debug","message":"Comparing 'web.steps.HomepageSteps.gotoGetStartedPage' and 'web.steps.HomepageSteps.gotoGetStartedPage'"}
{"logLevel":"debug","message":"Found Go to Gauge Get Started Page in current project scope."}
{"logLevel":"debug","message":"Comparing 'web.steps.HomepageSteps.stepFail' and 'web.steps.HomepageSteps.stepFail'"}
{"logLevel":"debug","message":"Found Step Fail in current project scope."}
{"logLevel":"debug","message":"Comparing 'web.steps.HomepageSteps.ensureInstallationInstructionsAreAvailable' and 'web.steps.HomepageSteps.ensureInstallationInstructionsAreAvailable'"}
{"logLevel":"debug","message":"Found Ensure installation instructions are available in current project scope."}
{"logLevel":"debug","message":"Scanning packages for hooks"}
{"logLevel":"debug","message":"Scanned steps (using static parsing + reflections): "}
{"logLevel":"debug","message":"\tOpen the Gauge homepage : public void implementation1()"}
{"logLevel":"debug","message":"\tGo to Gauge Get Started Page : public void gotoGetStartedPage()"}
{"logLevel":"debug","message":"\tStep Fail : public void stepFail()"}
{"logLevel":"debug","message":"\tEnsure installation instructions are available : public void ensureInstallationInstructionsAreAvailable()"}
Jan 31, 2021 8:33:48 PM org.openqa.selenium.remote.DesiredCapabilities chrome
INFO: Using `new ChromeOptions()` is preferred to `DesiredCapabilities.chrome()`
Jan 31, 2021 8:33:49 PM org.openqa.selenium.remote.DesiredCapabilities chrome
INFO: Using `new ChromeOptions()` is preferred to `DesiredCapabilities.chrome()`
Jan 31, 2021 8:33:51 PM org.openqa.selenium.remote.ProtocolHandshake createSession
INFO: Detected dialect: W3C
Jan 31, 2021 8:33:52 PM org.openqa.selenium.remote.ProtocolHandshake createSession
INFO: Detected dialect: W3C
Starting ChromeDriver 88.0.4324.96 (68dba2d8a0b149a1d3afac56fa74648032bcf46b-refs/branch-heads/4324@{#1784}) on port 15959
Only local connections are allowed.
Please see https://chromedriver.chromium.org/security-considerations for suggestions on keeping ChromeDriver safe.
ChromeDriver was started successfully.
Starting ChromeDriver 88.0.4324.96 (68dba2d8a0b149a1d3afac56fa74648032bcf46b-refs/branch-heads/4324@{#1784}) on port 16424
Only local connections are allowed.
Please see https://chromedriver.chromium.org/security-considerations for suggestions on keeping ChromeDriver safe.
ChromeDriver was started successfully.
Jan 31, 2021 8:34:27 PM org.openqa.selenium.remote.ProtocolHandshake createSession
INFO: Detected dialect: W3C
Jan 31, 2021 8:34:27 PM org.openqa.selenium.remote.ProtocolHandshake createSession
INFO: Detected dialect: W3C
{"logLevel":"debug","message":"Executing 'Open the Gauge homepage' using 'class web.steps.HomepageSteps.implementation1"}
{"logLevel":"debug","message":"Executing 'Open the Gauge homepage' using 'class web.steps.HomepageSteps.implementation1"}
Navigated to url: https://gauge.org/Navigated to url: https://gauge.org/{"logLevel":"debug","message":"Executing 'Go to Gauge Get Started Page' using 'class web.steps.HomepageSteps.gotoGetStartedPage"}
Element identified: [[ChromeDriver: chrome on WINDOWS (be27466f65f4e54e7c9e6118de361ef4)] -> xpath: //a[@href='https://docs.gauge.org/getting_started/installing-gauge.html']]Element identified: [[ChromeDriver: chrome on WINDOWS (be27466f65f4e54e7c9e6118de361ef4)] -> xpath: //a[@href='https://docs.gauge.org/getting_started/installing-gauge.html']]{"logLevel":"debug","message":"Executing 'Go to Gauge Get Started Page' using 'class web.steps.HomepageSteps.gotoGetStartedPage"}
Element identified: [[ChromeDriver: chrome on WINDOWS (faa959e54f6c942cff824bf17e010dd4)] -> xpath: //a[@href='https://docs.gauge.org/getting_started/installing-gauge.html']]Element identified: [[ChromeDriver: chrome on WINDOWS (faa959e54f6c942cff824bf17e010dd4)] -> xpath: //a[@href='https://docs.gauge.org/getting_started/installing-gauge.html']]Clicked on element: [[ChromeDriver: chrome on WINDOWS (faa959e54f6c942cff824bf17e010dd4)] -> xpath: //a[@href='https://docs.gauge.org/getting_started/installing-gauge.html']]{"logLevel":"debug","message":"Executing 'Ensure installation instructions are available' using 'class web.steps.HomepageSteps.ensureInstallationInstructionsAreAvailable"}
Clicked on element: [[ChromeDriver: chrome on WINDOWS (be27466f65f4e54e7c9e6118de361ef4)] -> xpath: //a[@href='https://docs.gauge.org/getting_started/installing-gauge.html']]{"logLevel":"debug","message":"Executing 'Ensure installation instructions are available' using 'class web.steps.HomepageSteps.ensureInstallationInstructionsAreAvailable"}
{"logLevel":"debug","message":"Executing 'Step Fail' using 'class web.steps.HomepageSteps.stepFail"}
[1612105494.154][SEVERE]: Timed out receiving message from renderer: 10.000
[1612105494.154][WARNING]: screenshot failed, retrying timeout: Timed out receiving message from renderer: 10.000
[1612105504.154][SEVERE]: Timed out receiving message from renderer: 10.000
