{"logLevel":"debug","message":"multithreading is set to true"}
{"logLevel":"debug","message":"multithreading enabled, number of threads=2"}
{"logLevel":"debug","message":"Using reflection to scan dependencies for gauge implementations..."}
SLF4J: Failed to load class "org.slf4j.impl.StaticLoggerBinder".
SLF4J: Defaulting to no-operation (NOP) logger implementation
SLF4J: See http://www.slf4j.org/codes.html#StaticLoggerBinder for further details.
log4j:WARN No appenders could be found for logger (io.grpc.netty.shaded.io.netty.util.internal.logging.InternalLoggerFactory).
log4j:WARN Please initialize the log4j system properly.
log4j:WARN See http://logging.apache.org/log4j/1.2/faq.html#noconfig for more info.
{"logLevel":"debug","message":"gauge-java took 695milliseconds to load and scan. This should be less than 'runner_connection_timeout' config value."}
{"logLevel":"debug","message":"run 'gauge config runner_connection_timeout' and verify that it is < 695"}
{"logLevel":"debug","message":"starting gRPC server..."}
{"logLevel":"debug","message":"started gRPC server on port 60898"}
{"logLevel":"info","message":"Listening on port:60898"}
{"logLevel":"debug","message":"Scanning packages for web.steps"}
{"logLevel":"debug","message":"Comparing 'StepImplementation.ensureInstallationInstructionsAreAvailable' and 'StepImplementation.ensureInstallationInstructionsAreAvailable'"}
{"logLevel":"debug","message":"Found Ensure installation instructions are available in current project scope."}
{"logLevel":"debug","message":"Comparing 'StepImplementation.stepFail' and 'StepImplementation.stepFail'"}
{"logLevel":"debug","message":"Found Step Fail in current project scope."}
{"logLevel":"debug","message":"Comparing 'StepImplementation.gotoGetStartedPage' and 'StepImplementation.gotoGetStartedPage'"}
{"logLevel":"debug","message":"Found Go to Gauge Get Started Page in current project scope."}
{"logLevel":"debug","message":"Comparing 'StepImplementation.implementation1' and 'StepImplementation.implementation1'"}
{"logLevel":"debug","message":"Found Open the Gauge homepage in current project scope."}
{"logLevel":"debug","message":"Scanning packages for hooks"}
{"logLevel":"debug","message":"Scanned web.steps (using static parsing + reflections): "}
{"logLevel":"debug","message":"\tOpen the Gauge homepage : public void implementation1()"}
{"logLevel":"debug","message":"\tGo to Gauge Get Started Page : public void gotoGetStartedPage()"}
{"logLevel":"debug","message":"\tStep Fail : public void stepFail()"}
{"logLevel":"debug","message":"\tEnsure installation instructions are available : public void ensureInstallationInstructionsAreAvailable()"}
Starting ChromeDriver 87.0.4280.88 (89e2380a3e36c3464b5dd1302349b1382549290d-refs/branch-heads/4280@{#1761}) on port 43488
Only local connections are allowed.
Please see https://chromedriver.chromium.org/security-considerations for suggestions on keeping ChromeDriver safe.
ChromeDriver was started successfully.
Starting ChromeDriver 87.0.4280.88 (89e2380a3e36c3464b5dd1302349b1382549290d-refs/branch-heads/4280@{#1761}) on port 16413
Only local connections are allowed.
Please see https://chromedriver.chromium.org/security-considerations for suggestions on keeping ChromeDriver safe.
ChromeDriver was started successfully.
Jan 11, 2021 4:57:23 PM org.openqa.selenium.remote.ProtocolHandshake createSession
INFO: Detected dialect: W3C
Jan 11, 2021 4:57:23 PM org.openqa.selenium.remote.ProtocolHandshake createSession
INFO: Detected dialect: W3C
{"logLevel":"debug","message":"Executing 'Open the Gauge homepage' using 'class StepImplementation.implementation1"}
{"logLevel":"debug","message":"Executing 'Open the Gauge homepage' using 'class StepImplementation.implementation1"}
Navigated to url: https://gauge.org/{"logLevel":"debug","message":"Executing 'Go to Gauge Get Started Page' using 'class StepImplementation.gotoGetStartedPage"}
Element identified: [[ChromeDriver: chrome on WINDOWS (ff165f2a127a94d4f3d2b10371b6186d)] -> xpath: //a[@href='https://docs.gauge.org/getting_started/installing-gauge.html']]Navigated to url: https://gauge.org/{"logLevel":"debug","message":"Executing 'Go to Gauge Get Started Page' using 'class StepImplementation.gotoGetStartedPage"}
Element identified: [[ChromeDriver: chrome on WINDOWS (5373d15bbc8cd879357e88ce84f09a99)] -> xpath: //a[@href='https://docs.gauge.org/getting_started/installing-gauge.html']]Clicked on element: [[ChromeDriver: chrome on WINDOWS (ff165f2a127a94d4f3d2b10371b6186d)] -> xpath: //a[@href='https://docs.gauge.org/getting_started/installing-gauge.html']]{"logLevel":"debug","message":"Executing 'Ensure installation instructions are available' using 'class StepImplementation.ensureInstallationInstructionsAreAvailable"}
Element identified: [[ChromeDriver: chrome on WINDOWS (ff165f2a127a94d4f3d2b10371b6186d)] -> xpath: //a[@href='/writing-specifications.html']]Clicked on element: [[ChromeDriver: chrome on WINDOWS (5373d15bbc8cd879357e88ce84f09a99)] -> xpath: //a[@href='https://docs.gauge.org/getting_started/installing-gauge.html']]{"logLevel":"debug","message":"Executing 'Ensure installation instructions are available' using 'class StepImplementation.ensureInstallationInstructionsAreAvailable"}
Element identified: [[ChromeDriver: chrome on WINDOWS (5373d15bbc8cd879357e88ce84f09a99)] -> xpath: //a[@href='/writing-specifications.html']]{"logLevel":"debug","message":"Executing 'Step Fail' using 'class StepImplementation.stepFail"}
