{"logLevel":"debug","message":"multithreading is set to true"}
{"logLevel":"debug","message":"multithreading enabled, number of threads=2"}
{"logLevel":"debug","message":"Using reflection to scan dependencies for gauge implementations..."}
SLF4J: Failed to load class "org.slf4j.impl.StaticLoggerBinder".
SLF4J: Defaulting to no-operation (NOP) logger implementation
SLF4J: See http://www.slf4j.org/codes.html#StaticLoggerBinder for further details.
log4j:WARN No appenders could be found for logger (io.grpc.netty.shaded.io.netty.util.internal.logging.InternalLoggerFactory).
log4j:WARN Please initialize the log4j system properly.
log4j:WARN See http://logging.apache.org/log4j/1.2/faq.html#noconfig for more info.
{"logLevel":"debug","message":"gauge-java took 2439milliseconds to load and scan. This should be less than 'runner_connection_timeout' config value."}
{"logLevel":"debug","message":"run 'gauge config runner_connection_timeout' and verify that it is < 2439"}
{"logLevel":"debug","message":"starting gRPC server..."}
{"logLevel":"debug","message":"started gRPC server on port 54957"}
{"logLevel":"info","message":"Listening on port:54957"}
{"logLevel":"debug","message":"Scanning packages for web.steps"}
{"logLevel":"debug","message":"Comparing 'StepImplementation.ensureInstallationInstructionsAreAvailable' and 'StepImplementation.ensureInstallationInstructionsAreAvailable'"}
{"logLevel":"debug","message":"Found Ensure installation instructions are available in current project scope."}
{"logLevel":"debug","message":"Comparing 'StepImplementation.gotoGetStartedPage' and 'StepImplementation.gotoGetStartedPage'"}
{"logLevel":"debug","message":"Found Go to Gauge Get Started Page in current project scope."}
{"logLevel":"debug","message":"Comparing 'StepImplementation.implementation1' and 'StepImplementation.implementation1'"}
{"logLevel":"debug","message":"Found Open the Gauge homepage in current project scope."}
{"logLevel":"debug","message":"Scanning packages for hooks"}
{"logLevel":"debug","message":"Scanned web.steps (using static parsing + reflections): "}
{"logLevel":"debug","message":"\tOpen the Gauge homepage : public void implementation1()"}
{"logLevel":"debug","message":"\tGo to Gauge Get Started Page : public void gotoGetStartedPage() throws InterruptedException"}
{"logLevel":"debug","message":"\tEnsure installation instructions are available : public void ensureInstallationInstructionsAreAvailable() throws InterruptedException"}
SStatratritnign gC hCrhormoemDerDirvievre r8 78.70..04.248208.08.88 8( 8(98e92e328308a03ae33e63c63c436446b45bd5dd1d310320324394b1382549290d-refs/branch-heads/4280@{#1761}) on port 26800
Only 9locabl1 3c8o2n5n4e9c2t9i0odn-sr eafrse/ barlalnocwhe-dh.e
a
Pdleases s/e4e2 8h0t@t{p#s1:7/6/1c}h)r oomne dproirvte r1.3c8h4r1o
m
Only loicalu mc.oonrnge/csteicounrsi tayr-ec oanlsliodweerda.
t
Please isoenes  hftotrp ss:u/g/gcehsrtoimoendsr iovne rk.ecehprionmgi uCmh.roormge/Dsreicvuerri tsya-considerations for suggestions on keeping ChromeDriver safe.
fe.
CChrhormoemDerDirvievre rw awsa ss tsatratretde ds uscuccecsessfsuflullyl.y
.

Jan 10, 2021 4:56:44 PM org.openqa.selenium.remote.ProtocolHandshake createSession
INFO: Detected dialect: W3C
Jan 10, 2021 4:56:45 PM org.openqa.selenium.remote.ProtocolHandshake createSession
INFO: Detected dialect: W3C
{"logLevel":"debug","message":"Executing 'Open the Gauge homepage' using 'class StepImplementation.implementation1"}
{"logLevel":"debug","message":"Executing 'Open the Gauge homepage' using 'class StepImplementation.implementation1"}
{"logLevel":"debug","message":"Executing 'Go to Gauge Get Started Page' using 'class StepImplementation.gotoGetStartedPage"}
{"logLevel":"debug","message":"Executing 'Go to Gauge Get Started Page' using 'class StepImplementation.gotoGetStartedPage"}
{"logLevel":"debug","message":"Executing 'Ensure installation instructions are available' using 'class StepImplementation.ensureInstallationInstructionsAreAvailable"}
{"logLevel":"debug","message":"Executing 'Ensure installation instructions are available' using 'class StepImplementation.ensureInstallationInstructionsAreAvailable"}
