{"logLevel":"debug","message":"multithreading is set to true"}
{"logLevel":"debug","message":"multithreading enabled, number of threads=2"}
{"logLevel":"debug","message":"Using reflection to scan dependencies for gauge implementations..."}
SLF4J: Failed to load class "org.slf4j.impl.StaticLoggerBinder".
SLF4J: Defaulting to no-operation (NOP) logger implementation
SLF4J: See http://www.slf4j.org/codes.html#StaticLoggerBinder for further details.
log4j:WARN No appenders could be found for logger (io.grpc.netty.shaded.io.netty.util.internal.logging.InternalLoggerFactory).
log4j:WARN Please initialize the log4j system properly.
log4j:WARN See http://logging.apache.org/log4j/1.2/faq.html#noconfig for more info.
{"logLevel":"debug","message":"gauge-java took 738milliseconds to load and scan. This should be less than 'runner_connection_timeout' config value."}
{"logLevel":"debug","message":"run 'gauge config runner_connection_timeout' and verify that it is < 738"}
{"logLevel":"debug","message":"starting gRPC server..."}
{"logLevel":"debug","message":"started gRPC server on port 56867"}
{"logLevel":"info","message":"Listening on port:56867"}
{"logLevel":"debug","message":"Scanning packages for steps"}
{"logLevel":"debug","message":"Comparing 'web.steps.HomepageSteps.implementation1' and 'web.steps.HomepageSteps.implementation1'"}
{"logLevel":"debug","message":"Found Open the Gauge homepage in current project scope."}
{"logLevel":"debug","message":"Comparing 'web.steps.HomepageSteps.gotoGetStartedPage' and 'web.steps.HomepageSteps.gotoGetStartedPage'"}
{"logLevel":"debug","message":"Found Go to Gauge Get Started Page in current project scope."}
{"logLevel":"debug","message":"Comparing 'web.steps.HomepageSteps.stepFail' and 'web.steps.HomepageSteps.stepFail'"}
{"logLevel":"debug","message":"Found Step Fail in current project scope."}
{"logLevel":"debug","message":"Comparing 'web.steps.HomepageSteps.ensureInstallationInstructionsAreAvailable' and 'web.steps.HomepageSteps.ensureInstallationInstructionsAreAvailable'"}
{"logLevel":"debug","message":"Found Ensure installation instructions are available in current project scope."}
{"logLevel":"debug","message":"Scanning packages for hooks"}
{"logLevel":"debug","message":"Scanned steps (using static parsing + reflections): "}
{"logLevel":"debug","message":"\tOpen the Gauge homepage : public void implementation1()"}
{"logLevel":"debug","message":"\tGo to Gauge Get Started Page : public void gotoGetStartedPage()"}
{"logLevel":"debug","message":"\tStep Fail : public void stepFail()"}
{"logLevel":"debug","message":"\tEnsure installation instructions are available : public void ensureInstallationInstructionsAreAvailable()"}
Jan 31, 2021 9:06:43 PM org.openqa.selenium.remote.DesiredCapabilities firefox
INFO: Using `new FirefoxOptions()` is preferred to `DesiredCapabilities.firefox()`
Jan 31, 2021 9:06:44 PM org.openqa.selenium.remote.DesiredCapabilities firefox
INFO: Using `new FirefoxOptions()` is preferred to `DesiredCapabilities.firefox()`
Jan 31, 2021 9:07:29 PM org.openqa.selenium.remote.ProtocolHandshake createSession
INFO: Detected dialect: W3C
Jan 31, 2021 9:07:29 PM org.openqa.selenium.remote.ProtocolHandshake createSession
INFO: Detected dialect: W3C
StaSrtitnagr tCihnrgo mCehDrroimveeDrr i8v8e.r0 .8483.204..49362 4(.6986d b(a628dd8baa02bd184a90ab11d439aaf1adc35a6ffaac75466f4a74648032bcf46b-refs8/br0a3n2cbhc-fh4e6abd-sr/e4f3s2/4b@r{a#n1c7h8-4h}e)a dosn/ 4p3o2r4t@ {4#31573804}
Only loca)l  coonn npeoctrito n2s6 2a8r1e 
Only local connecationlsl oawreed .al
Please see httlpso:w/e/dc.hr
Please soeem ehdtrtipvse:r/./cchhrroommeidurmi.voerrg./cshercoumriiutmy.-ocrogn/ssiedceurraittiyo-ncso nfsoird esruagtgieosntsi ons on keeping ChromeDriver safe.
for suggestions on keeping ChromeDriver safe.
ChromeDriver was started successfully.
ChromeDriver was started successfully.
Jan 31, 2021 9:08:34 PM org.openqa.selenium.remote.ProtocolHandshake createSession
INFO: Detected dialect: W3C
Jan 31, 2021 9:08:34 PM org.openqa.selenium.remote.ProtocolHandshake createSession
INFO: Detected dialect: W3C
{"logLevel":"debug","message":"Executing 'Open the Gauge homepage' using 'class web.steps.HomepageSteps.implementation1"}
{"logLevel":"debug","message":"Executing 'Open the Gauge homepage' using 'class web.steps.HomepageSteps.implementation1"}
Navigated to url: https://gauge.org/Navigated to url: https://gauge.org/{"logLevel":"debug","message":"Executing 'Go to Gauge Get Started Page' using 'class web.steps.HomepageSteps.gotoGetStartedPage"}
{"logLevel":"debug","message":"Executing 'Go to Gauge Get Started Page' using 'class web.steps.HomepageSteps.gotoGetStartedPage"}
Element identified: [[ChromeDriver: chrome on WINDOWS (4875373997c3afa4f8e45993e16981f1)] -> xpath: //a[@href='https://docs.gauge.org/getting_started/installing-gauge.html']]Element identified: [[ChromeDriver: chrome on WINDOWS (4c36b091797c04500c11c9b330647f33)] -> xpath: //a[@href='https://docs.gauge.org/getting_started/installing-gauge.html']]Element identified: [[ChromeDriver: chrome on WINDOWS (4c36b091797c04500c11c9b330647f33)] -> xpath: //a[@href='https://docs.gauge.org/getting_started/installing-gauge.html']]Element identified: [[ChromeDriver: chrome on WINDOWS (4875373997c3afa4f8e45993e16981f1)] -> xpath: //a[@href='https://docs.gauge.org/getting_started/installing-gauge.html']]Clicked on element: [[ChromeDriver: chrome on WINDOWS (4c36b091797c04500c11c9b330647f33)] -> xpath: //a[@href='https://docs.gauge.org/getting_started/installing-gauge.html']]Clicked on element: [[ChromeDriver: chrome on WINDOWS (4875373997c3afa4f8e45993e16981f1)] -> xpath: //a[@href='https://docs.gauge.org/getting_started/installing-gauge.html']]{"logLevel":"debug","message":"Executing 'Ensure installation instructions are available' using 'class web.steps.HomepageSteps.ensureInstallationInstructionsAreAvailable"}
{"logLevel":"debug","message":"Executing 'Ensure installation instructions are available' using 'class web.steps.HomepageSteps.ensureInstallationInstructionsAreAvailable"}
{"logLevel":"debug","message":"Executing 'Step Fail' using 'class web.steps.HomepageSteps.stepFail"}
