{"logLevel":"debug","message":"multithreading is set to true"}
{"logLevel":"debug","message":"multithreading enabled, number of threads=2"}
{"logLevel":"debug","message":"Using reflection to scan dependencies for gauge implementations..."}
SLF4J: Failed to load class "org.slf4j.impl.StaticLoggerBinder".
SLF4J: Defaulting to no-operation (NOP) logger implementation
SLF4J: See http://www.slf4j.org/codes.html#StaticLoggerBinder for further details.
log4j:WARN No appenders could be found for logger (io.grpc.netty.shaded.io.netty.util.internal.logging.InternalLoggerFactory).
log4j:WARN Please initialize the log4j system properly.
log4j:WARN See http://logging.apache.org/log4j/1.2/faq.html#noconfig for more info.
{"logLevel":"debug","message":"gauge-java took 1598milliseconds to load and scan. This should be less than 'runner_connection_timeout' config value."}
{"logLevel":"debug","message":"run 'gauge config runner_connection_timeout' and verify that it is < 1598"}
{"logLevel":"debug","message":"starting gRPC server..."}
{"logLevel":"debug","message":"started gRPC server on port 50805"}
{"logLevel":"info","message":"Listening on port:50805"}
{"logLevel":"debug","message":"Scanning packages for steps"}
{"logLevel":"debug","message":"Comparing 'web.steps.HomepageSteps.implementation1' and 'web.steps.HomepageSteps.implementation1'"}
{"logLevel":"debug","message":"Found Open the Gauge homepage in current project scope."}
{"logLevel":"debug","message":"Comparing 'web.steps.HomepageSteps.gotoGetStartedPage' and 'web.steps.HomepageSteps.gotoGetStartedPage'"}
{"logLevel":"debug","message":"Found Go to Gauge Get Started Page in current project scope."}
{"logLevel":"debug","message":"Comparing 'web.steps.HomepageSteps.stepFail' and 'web.steps.HomepageSteps.stepFail'"}
{"logLevel":"debug","message":"Found Step Fail in current project scope."}
{"logLevel":"debug","message":"Comparing 'web.steps.HomepageSteps.ensureInstallationInstructionsAreAvailable' and 'web.steps.HomepageSteps.ensureInstallationInstructionsAreAvailable'"}
{"logLevel":"debug","message":"Found Ensure installation instructions are available in current project scope."}
{"logLevel":"debug","message":"Scanning packages for hooks"}
{"logLevel":"debug","message":"Scanned steps (using static parsing + reflections): "}
{"logLevel":"debug","message":"\tOpen the Gauge homepage : public void implementation1()"}
{"logLevel":"debug","message":"\tGo to Gauge Get Started Page : public void gotoGetStartedPage()"}
{"logLevel":"debug","message":"\tStep Fail : public void stepFail()"}
{"logLevel":"debug","message":"\tEnsure installation instructions are available : public void ensureInstallationInstructionsAreAvailable()"}
Jan 31, 2021 9:47:30 PM org.openqa.selenium.remote.ProtocolHandshake createSession
INFO: Detected dialect: OSS
Jan 31, 2021 9:47:30 PM org.openqa.selenium.remote.ProtocolHandshake createSession
INFO: Detected dialect: OSS
Starting ChrSomteaDrrtiivnegr  C8h8r.o0m.e4D3r2i4v.e9r6  8(86.80d.b4a322d48.a906b 1(4698ad1bda32adf8aac05b61f4a97a416d438a0f3a2c56fa74648032bcf46b-refs/branch-heads/4324@{#1784}) on port 414b75c
Only local connections fare 4a6lbl-orweefds./b
Please seer https:a/n/cchh-rhoemaeddsr/i4v3e2r4.@c{h#r1o7m8i4u}m). oorng /psoerctu r9i8t9y4-c
Only local connections oarnes iadlelroawteido.
Please see httpsn://sc hfroorm esdurgigveesrt.icohnrso moinu mk.eoerpgi/nsge cCuhrriotmye-Dcroinvseird esraaftei.on
s for suggestions on keeping ChromeDriver safe.
CChhrroommeeDDrriivveerr  wwaass  ssttaarrtteedd  ssuucccceessssffuullllyy..

[1612109870.847][WARNING]: Timed out connecting to Chrome, retrying...
Jan 31, 2021 9:47:59 PM org.openqa.selenium.remote.ProtocolHandshake createSession
INFO: Detected dialect: W3C
Jan 31, 2021 9:47:59 PM org.openqa.selenium.remote.ProtocolHandshake createSession
INFO: Detected dialect: W3C
{"logLevel":"debug","message":"Executing 'Open the Gauge homepage' using 'class web.steps.HomepageSteps.implementation1"}
{"logLevel":"debug","message":"Executing 'Open the Gauge homepage' using 'class web.steps.HomepageSteps.implementation1"}
Navigated to url: https://gauge.org/Navigated to url: https://gauge.org/